\BOOKMARK [0][-]{chapter.1}{\376\377\000C\000h\000a\000r\000g\000e\000\040\000P\000a\000r\000t\000i\000c\000l\000e\000\040\000T\000h\000e\000r\000a\000p\000y}{}% 1
\BOOKMARK [1][-]{section.1.1}{\376\377\000P\000h\000y\000s\000i\000c\000s\000\040\000o\000f\000\040\000C\000h\000a\000r\000g\000e\000d\000\040\000P\000a\000r\000t\000i\000c\000l\000e\000\040\000T\000h\000e\000r\000a\000p\000y}{chapter.1}% 2
\BOOKMARK [2][-]{subsection.1.1.1}{\376\377\000E\000l\000e\000c\000t\000r\000o\000n\000\040\000m\000a\000g\000n\000e\000t\000i\000c\000\040\000e\000n\000e\000r\000g\000y\000\040\000l\000o\000s\000s\000\040\000o\000f\000\040\000h\000e\000a\000v\000y\000\040\000c\000h\000a\000r\000g\000e\000d\000\040\000p\000a\000r\000t\000i\000c\000l\000e\000s}{section.1.1}% 3
\BOOKMARK [2][-]{subsection.1.1.2}{\376\377\000M\000u\000l\000t\000i\000p\000l\000e\000\040\000C\000o\000u\000l\000o\000m\000b\000\040\000S\000c\000a\000t\000t\000e\000r\000i\000n\000g}{section.1.1}% 4
\BOOKMARK [2][-]{subsection.1.1.3}{\376\377\000N\000u\000c\000l\000e\000a\000r\000\040\000i\000n\000t\000e\000r\000a\000c\000t\000i\000o\000n}{section.1.1}% 5
\BOOKMARK [2][-]{subsection.1.1.4}{\376\377\000R\000a\000n\000g\000e}{section.1.1}% 6
\BOOKMARK [1][-]{section.1.2}{\376\377\000R\000a\000d\000i\000o\000b\000i\000o\000l\000o\000g\000y\000\040\000i\000n\000\040\000C\000P\000T}{chapter.1}% 7
\BOOKMARK [2][-]{subsection.1.2.1}{\376\377\000D\000o\000s\000e\000\040\000d\000e\000p\000o\000s\000i\000t\000i\000o\000n}{section.1.2}% 8
\BOOKMARK [2][-]{subsection.1.2.2}{\376\377\000D\000N\000A\000\040\000d\000a\000m\000a\000g\000e}{section.1.2}% 9
\BOOKMARK [2][-]{subsection.1.2.3}{\376\377\000L\000i\000n\000e\000a\000r\000\040\000E\000n\000e\000r\000g\000y\000\040\000T\000r\000a\000n\000s\000f\000e\000r}{section.1.2}% 10
\BOOKMARK [2][-]{subsection.1.2.4}{\376\377\000C\000e\000l\000l\000s\000\040\000s\000u\000r\000v\000i\000v\000a\000l\000\040\000m\000o\000d\000e\000l\000s}{section.1.2}% 11
\BOOKMARK [2][-]{subsection.1.2.5}{\376\377\000R\000e\000l\000a\000t\000i\000v\000e\000\040\000B\000i\000o\000l\000o\000g\000i\000c\000a\000l\000\040\000E\000f\000f\000e\000c\000t\000i\000v\000e\000n\000e\000s\000s}{section.1.2}% 12
\BOOKMARK [1][-]{section.1.3}{\376\377\000T\000h\000e\000s\000i\000s\000\040\000o\000b\000j\000e\000c\000t\000i\000v\000e\000s}{chapter.1}% 13
\BOOKMARK [0][-]{chapter.2}{\376\377\000T\000h\000e\000\040\000F\000O\000O\000T\000\040\000e\000x\000p\000e\000r\000i\000m\000e\000n\000t}{}% 14
\BOOKMARK [1][-]{section.2.1}{\376\377\000M\000e\000a\000s\000u\000r\000e\000m\000e\000n\000t\000s\000\040\000a\000n\000d\000\040\000s\000t\000r\000a\000t\000e\000g\000i\000e\000s}{chapter.2}% 15
\BOOKMARK [1][-]{section.2.2}{\376\377\000E\000x\000p\000e\000r\000i\000m\000e\000n\000t\000l\000a\000\040\000s\000e\000t\000u\000p}{chapter.2}% 16
\BOOKMARK [2][-]{subsection.2.2.1}{\376\377\000U\000p\000s\000t\000r\000e\000a\000m\000\040\000r\000e\000g\000i\000o\000n}{section.2.2}% 17
\BOOKMARK [2][-]{subsection.2.2.2}{\376\377\000T\000r\000a\000c\000k\000i\000n\000g\000\040\000s\000y\000s\000t\000e\000m}{section.2.2}% 18
\BOOKMARK [2][-]{subsection.2.2.3}{\376\377\000D\000o\000w\000n\000s\000t\000r\000e\000a\000m\000\040\000r\000e\000g\000i\000o\000n}{section.2.2}% 19
\BOOKMARK [1][-]{section.2.3}{\376\377\000C\000u\000r\000r\000e\000n\000t\000\040\000s\000t\000a\000t\000u\000s\000\040\000a\000n\000d\000\040\000r\000e\000s\000e\000a\000r\000c\000h\000\040\000p\000r\000o\000g\000r\000a\000m}{chapter.2}% 20
\BOOKMARK [0][-]{chapter.3}{\376\377\000M\000e\000t\000h\000o\000d\000s\000\040\000a\000n\000d\000\040\000m\000a\000t\000e\000r\000i\000a\000l\000s}{}% 21
\BOOKMARK [1][-]{section.3.1}{\376\377\000O\000v\000e\000r\000v\000i\000e\000w}{chapter.3}% 22
\BOOKMARK [1][-]{section.3.2}{\376\377\000D\000e\000t\000e\000c\000t\000i\000o\000n\000\040\000s\000y\000s\000t\000e\000m}{chapter.3}% 23
\BOOKMARK [2][-]{subsection.3.2.1}{\376\377\000S\000t\000a\000r\000t\000\040\000C\000o\000u\000n\000t\000e\000r}{section.3.2}% 24
\BOOKMARK [2][-]{subsection.3.2.2}{\376\377\000T\000O\000F\000-\000W\000a\000l\000l\000\040\000d\000e\000t\000e\000c\000t\000o\000r}{section.3.2}% 25
\BOOKMARK [2][-]{subsection.3.2.3}{\376\377\000T\000h\000e\000\040\000W\000a\000v\000e\000D\000A\000Q\000\040\000s\000y\000s\000t\000e\000m}{section.3.2}% 26
\BOOKMARK [1][-]{section.3.3}{\376\377\000T\000r\000i\000g\000g\000e\000r\000\040\000u\000p\000d\000a\000t\000e}{chapter.3}% 27
\BOOKMARK [2][-]{subsection.3.3.1}{\376\377\000W\000a\000v\000e\000D\000R\000E\000A\000M\000\040\000c\000h\000a\000n\000n\000e\000l\000s\000\040\000c\000a\000l\000i\000b\000r\000a\000t\000i\000o\000n}{section.3.3}% 28
\BOOKMARK [1][-]{section.3.4}{\376\377\000D\000a\000t\000a\000\040\000t\000a\000k\000i\000n\000g}{chapter.3}% 29
\BOOKMARK [1][-]{section.3.5}{\376\377\000D\000a\000t\000a\000\040\000p\000r\000e\000c\000e\000s\000s\000i\000n\000g}{chapter.3}% 30
\BOOKMARK [2][-]{subsection.3.5.1}{\376\377\000S\000t\000a\000r\000t\000\040\000C\000o\000u\000n\000t\000e\000r\000\040\000w\000a\000v\000e\000f\000o\000r\000m\000s\000\040\000a\000n\000a\000l\000y\000s\000i\000s}{section.3.5}% 31
\BOOKMARK [2][-]{subsection.3.5.2}{\376\377\000T\000O\000F\000-\000W\000a\000l\000l\000\040\000w\000a\000v\000e\000f\000o\000r\000m\000s\000\040\000a\000n\000a\000l\000y\000s\000i\000s}{section.3.5}% 32
\BOOKMARK [2][-]{subsection.3.5.3}{\376\377\000C\000l\000o\000c\000k\000\040\000a\000n\000a\000l\000y\000s\000i\000s}{section.3.5}% 33
\BOOKMARK [2][-]{subsection.3.5.4}{\376\377\000T\000i\000m\000e\000\040\000r\000e\000s\000o\000l\000u\000t\000i\000o\000n}{section.3.5}% 34
\BOOKMARK [2][-]{subsection.3.5.5}{\376\377\000T\000i\000m\000e\000\040\000o\000f\000\040\000f\000l\000i\000g\000h\000t\000\040\000e\000v\000a\000l\000u\000a\000t\000i\000o\000n}{section.3.5}% 35
\BOOKMARK [2][-]{subsection.3.5.6}{\376\377\000C\000h\000a\000r\000g\000e\000\040\000e\000v\000a\000l\000u\000a\000t\000i\000o\000n}{section.3.5}% 36
\BOOKMARK [2][-]{subsection.3.5.7}{\376\377\000E\000n\000e\000r\000g\000y\000\040\000e\000v\000a\000l\000u\000a\000t\000i\000o\000n}{section.3.5}% 37
\BOOKMARK [0][-]{chapter.4}{\376\377\000R\000e\000s\000u\000l\000t\000s\000\040\000a\000n\000d\000\040\000d\000i\000s\000c\000u\000s\000s\000i\000o\000n}{}% 38
\BOOKMARK [1][-]{section.4.1}{\376\377\000T\000r\000i\000g\000g\000e\000r\000\040\000e\000f\000f\000i\000c\000e\000n\000c\000y}{chapter.4}% 39
\BOOKMARK [1][-]{section.4.2}{\376\377\000C\000h\000a\000r\000g\000e\000\040\000r\000e\000c\000o\000n\000s\000t\000r\000u\000c\000t\000i\000o\000n}{chapter.4}% 40
\BOOKMARK [0][-]{appendix.A}{\376\377\000B\000i\000r\000k\000s\000\040\000l\000a\000w\000\040\000f\000o\000r\000\040\000o\000r\000g\000a\000n\000i\000c\000\040\000s\000c\000i\000n\000t\000i\000l\000l\000a\000t\000o\000r\000s}{}% 41
